[backblue.gif]
[fade.gif]
[index.html]
[file/C_/Users/DELL/Desktop/snip gloria/index.html]
[file/C_/Users/DELL/Desktop/snip gloria/facebook.css]
[file/C_/Users/DELL/Desktop/snip gloria/capture1.JPG]
[file/C_/Users/DELL/Desktop/snip gloria/capture2.JPG]
[file/C_/Users/DELL/Desktop/snip gloria/capture3.JPG]
[file/C_/Users/DELL/Desktop/snip gloria/css/bootstrap.min.css]
[file/C_/Users/DELL/Desktop/snip gloria/fontawesome/css/all.css]
[file/C_/Users/DELL/Desktop/snip gloria/fontawesome/webfonts/fa-brands-400.eot]
[file/C_/Users/DELL/Desktop/snip gloria/fontawesome/webfonts/fa-brands-400.woff2]
[file/C_/Users/DELL/Desktop/snip gloria/fontawesome/webfonts/fa-brands-400.woff]
[file/C_/Users/DELL/Desktop/snip gloria/fontawesome/webfonts/fa-brands-400.ttf]
[file/C_/Users/DELL/Desktop/snip gloria/js/bootstrap.min.js]
[file/C_/Users/DELL/Desktop/snip gloria/fontawesome/webfonts/fa-regular-400.eot]
[file/C_/Users/DELL/Desktop/snip gloria/fontawesome/webfonts/fa-regular-400.woff2]
[file/C_/Users/DELL/Desktop/snip gloria/fontawesome/webfonts/fa-regular-400.woff]
[file/C_/Users/DELL/Desktop/snip gloria/fontawesome/webfonts/fa-regular-400.ttf]
[file/C_/Users/DELL/Desktop/snip gloria/fontawesome/webfonts/fa-solid-900.eot]
[file/C_/Users/DELL/Desktop/snip gloria/fontawesome/webfonts/fa-solid-900.woff2]
[file/C_/Users/DELL/Desktop/snip gloria/fontawesome/webfonts/fa-solid-900.woff]
[file/C_/Users/DELL/Desktop/snip gloria/fontawesome/webfonts/fa-solid-900.ttf]
[file/C_/Users/DELL/Desktop/snip gloria/fontawesome/webfonts/fa-brands-400.svg]
[file/C_/Users/DELL/Desktop/snip gloria/fontawesome/webfonts/fa-regular-400.svg]
[file/C_/Users/DELL/Desktop/snip gloria/fontawesome/webfonts/fa-solid-900.svg]
[file/C_/Users/DELL/Desktop/snip gloria/link]
[file/C_/Users/DELL/Desktop/snip gloria/fontawesome/webfonts/fa-brands-400d41d.eot]
[file/C_/Users/DELL/Desktop/snip gloria/fontawesome/webfonts/fa-regular-400d41d.eot]
[file/C_/Users/DELL/Desktop/snip gloria/fontawesome/webfonts/fa-solid-900d41d.eot]
[file/C_/Users/DELL/Desktop/snip gloria/popper.js]
